<?xml version="1.0" encoding="UTF-8"?>
<!-- Generated by org.testng.reporters.JUnitXMLReporter -->
<testsuite ignored="0" hostname="Tohidurs-MacBook-Air.local" failures="1" tests="3" name="entent reportgenerating" time="9.311" errors="0" timestamp="2020-10-10T22:22:29 BST">
  <testcase classname="extentReportNaveen.extendReportClass" name="@AfterClass tearDown" time="-1.602364949672E9">
    <failure type="org.testng.TestNGException" message="
Can inject only one of &amp;lt;ITestContext, XmlTest&amp;gt; into a @AfterClass annotated tearDown.
For more information on native dependency injection please refer to https://testng.org/doc/documentation-main.html#native-dependency-injection">
      <![CDATA[org.testng.TestNGException: 
Can inject only one of <ITestContext, XmlTest> into a @AfterClass annotated tearDown.
For more information on native dependency injection please refer to https://testng.org/doc/documentation-main.html#native-dependency-injection
at java.base/java.util.ArrayList.forEach(ArrayList.java:1540)
... Removed 26 stack frames]]>
    </failure>
  </testcase> <!-- @AfterClass tearDown -->
  <testcase classname="extentReportNaveen.extendReportClass" name="@AfterTest addReport" time="-1.602364949675E9">
    <skipped/>
  </testcase> <!-- @AfterTest addReport -->
  <testcase classname="extentReportNaveen.extendReportClass" name="getTitle" time="0.174"/>
  <testcase classname="extentReportNaveen.extendReportClass" name="getalert" time="0.837"/>
  <testcase classname="extentReportNaveen.extendReportClass" name="suggestion" time="0.373">
    <failure type="java.lang.AssertionError" message="expected [unitedKingdom] but found []">
      <![CDATA[java.lang.AssertionError: expected [unitedKingdom] but found []
at extentReportNaveen.extendReportClass.suggestion(extendReportClass.java:102)
at java.base/java.util.ArrayList.forEach(ArrayList.java:1540)
... Removed 37 stack frames]]>
    </failure>
  </testcase> <!-- suggestion -->
</testsuite> <!-- entent reportgenerating -->
