<?xml version="1.0" encoding="UTF-8"?>
<testng-results ignored="0" total="3" passed="2" failed="1" skipped="0">
  <reporter-output>
  </reporter-output>
  <suite started-at="2020-10-10T21:04:11 BST" name="Default suite" finished-at="2020-10-10T21:04:19 BST" duration-ms="7891">
    <groups>
    </groups>
    <test started-at="2020-10-10T21:04:11 BST" name="Default test" finished-at="2020-10-10T21:04:19 BST" duration-ms="7891">
      <class name="extentReportNaveen.extendReportClass">
        <test-method is-config="true" signature="setEntentReport()[pri:0, instance:extentReportNaveen.extendReportClass@778d1062]" started-at="2020-10-10T21:04:11 BST" name="setEntentReport" finished-at="2020-10-10T21:04:12 BST" duration-ms="305" status="PASS">
          <reporter-output>
          </reporter-output>
        </test-method> <!-- setEntentReport -->
        <test-method is-config="true" signature="initialdriver()[pri:0, instance:extentReportNaveen.extendReportClass@778d1062]" started-at="2020-10-10T21:04:12 BST" name="initialdriver" finished-at="2020-10-10T21:04:18 BST" duration-ms="6120" status="PASS">
          <reporter-output>
          </reporter-output>
        </test-method> <!-- initialdriver -->
        <test-method is-config="true" signature="printing()[pri:0, instance:extentReportNaveen.extendReportClass@778d1062]" started-at="2020-10-10T21:04:18 BST" name="printing" finished-at="2020-10-10T21:04:18 BST" duration-ms="1" status="PASS">
          <reporter-output>
          </reporter-output>
        </test-method> <!-- printing -->
        <test-method signature="getTitle()[pri:0, instance:extentReportNaveen.extendReportClass@778d1062]" started-at="2020-10-10T21:04:18 BST" name="getTitle" finished-at="2020-10-10T21:04:18 BST" duration-ms="179" status="PASS">
          <reporter-output>
          </reporter-output>
        </test-method> <!-- getTitle -->
        <test-method is-config="true" signature="printing()[pri:0, instance:extentReportNaveen.extendReportClass@778d1062]" started-at="2020-10-10T21:04:18 BST" name="printing" finished-at="2020-10-10T21:04:18 BST" duration-ms="0" status="PASS">
          <reporter-output>
          </reporter-output>
        </test-method> <!-- printing -->
        <test-method signature="getalert()[pri:0, instance:extentReportNaveen.extendReportClass@778d1062]" started-at="2020-10-10T21:04:18 BST" name="getalert" finished-at="2020-10-10T21:04:19 BST" duration-ms="845" status="PASS">
          <reporter-output>
          </reporter-output>
        </test-method> <!-- getalert -->
        <test-method is-config="true" signature="printing()[pri:0, instance:extentReportNaveen.extendReportClass@778d1062]" started-at="2020-10-10T21:04:19 BST" name="printing" finished-at="2020-10-10T21:04:19 BST" duration-ms="1" status="PASS">
          <reporter-output>
          </reporter-output>
        </test-method> <!-- printing -->
        <test-method signature="suggestion()[pri:0, instance:extentReportNaveen.extendReportClass@778d1062]" started-at="2020-10-10T21:04:19 BST" name="suggestion" finished-at="2020-10-10T21:04:19 BST" duration-ms="352" status="FAIL">
          <exception class="java.lang.AssertionError">
            <message>
              <![CDATA[expected [unitedKingdom] but found []]]>
            </message>
            <full-stacktrace>
              <![CDATA[java.lang.AssertionError: expected [unitedKingdom] but found []
at org.testng.Assert.fail(Assert.java:97)
at org.testng.Assert.assertEqualsImpl(Assert.java:136)
at org.testng.Assert.assertEquals(Assert.java:118)
at org.testng.Assert.assertEquals(Assert.java:575)
at org.testng.Assert.assertEquals(Assert.java:585)
at extentReportNaveen.extendReportClass.suggestion(extendReportClass.java:102)
at java.base/jdk.internal.reflect.NativeMethodAccessorImpl.invoke0(Native Method)
at java.base/jdk.internal.reflect.NativeMethodAccessorImpl.invoke(NativeMethodAccessorImpl.java:62)
at java.base/jdk.internal.reflect.DelegatingMethodAccessorImpl.invoke(DelegatingMethodAccessorImpl.java:43)
at java.base/java.lang.reflect.Method.invoke(Method.java:567)
at org.testng.internal.MethodInvocationHelper.invokeMethod(MethodInvocationHelper.java:135)
at org.testng.internal.TestInvoker.invokeMethod(TestInvoker.java:598)
at org.testng.internal.TestInvoker.invokeTestMethod(TestInvoker.java:174)
at org.testng.internal.MethodRunner.runInSequence(MethodRunner.java:46)
at org.testng.internal.TestInvoker$MethodInvocationAgent.invoke(TestInvoker.java:821)
at org.testng.internal.TestInvoker.invokeTestMethods(TestInvoker.java:147)
at org.testng.internal.TestMethodWorker.invokeTestMethods(TestMethodWorker.java:146)
at org.testng.internal.TestMethodWorker.run(TestMethodWorker.java:128)
at java.base/java.util.ArrayList.forEach(ArrayList.java:1540)
at org.testng.TestRunner.privateRun(TestRunner.java:767)
at org.testng.TestRunner.run(TestRunner.java:588)
at org.testng.SuiteRunner.runTest(SuiteRunner.java:384)
at org.testng.SuiteRunner.runSequentially(SuiteRunner.java:378)
at org.testng.SuiteRunner.privateRun(SuiteRunner.java:337)
at org.testng.SuiteRunner.run(SuiteRunner.java:286)
at org.testng.SuiteRunnerWorker.runSuite(SuiteRunnerWorker.java:53)
at org.testng.SuiteRunnerWorker.run(SuiteRunnerWorker.java:96)
at org.testng.TestNG.runSuitesSequentially(TestNG.java:1214)
at org.testng.TestNG.runSuitesLocally(TestNG.java:1136)
at org.testng.TestNG.runSuites(TestNG.java:1066)
at org.testng.TestNG.run(TestNG.java:1034)
at org.testng.remote.AbstractRemoteTestNG.run(AbstractRemoteTestNG.java:115)
at org.testng.remote.RemoteTestNG.initAndRun(RemoteTestNG.java:251)
at org.testng.remote.RemoteTestNG.main(RemoteTestNG.java:77)
]]>
            </full-stacktrace>
          </exception> <!-- java.lang.AssertionError -->
          <reporter-output>
          </reporter-output>
        </test-method> <!-- suggestion -->
        <test-method is-config="true" signature="tearDown(org.testng.ITestResult)[pri:0, instance:extentReportNaveen.extendReportClass@778d1062]" started-at="2020-10-10T21:04:19 BST" name="tearDown" finished-at="1970-01-01T01:00:00 GMT" duration-ms="-1602360259611" status="FAIL">
          <exception class="org.testng.TestNGException">
            <message>
              <![CDATA[
Can inject only one of <ITestContext, XmlTest> into a @AfterClass annotated tearDown.
For more information on native dependency injection please refer to https://testng.org/doc/documentation-main.html#native-dependency-injection]]>
            </message>
            <full-stacktrace>
              <![CDATA[org.testng.TestNGException: 
Can inject only one of <ITestContext, XmlTest> into a @AfterClass annotated tearDown.
For more information on native dependency injection please refer to https://testng.org/doc/documentation-main.html#native-dependency-injection
at org.testng.internal.Parameters.checkParameterTypes(Parameters.java:437)
at org.testng.internal.Parameters.createParametersForMethod(Parameters.java:351)
at org.testng.internal.Parameters.createParameters(Parameters.java:708)
at org.testng.internal.Parameters.createConfigurationParameters(Parameters.java:166)
at org.testng.internal.ConfigInvoker.invokeConfigurations(ConfigInvoker.java:299)
at org.testng.internal.TestMethodWorker.invokeAfterClassMethods(TestMethodWorker.java:217)
at org.testng.internal.TestMethodWorker.run(TestMethodWorker.java:130)
at java.base/java.util.ArrayList.forEach(ArrayList.java:1540)
at org.testng.TestRunner.privateRun(TestRunner.java:767)
at org.testng.TestRunner.run(TestRunner.java:588)
at org.testng.SuiteRunner.runTest(SuiteRunner.java:384)
at org.testng.SuiteRunner.runSequentially(SuiteRunner.java:378)
at org.testng.SuiteRunner.privateRun(SuiteRunner.java:337)
at org.testng.SuiteRunner.run(SuiteRunner.java:286)
at org.testng.SuiteRunnerWorker.runSuite(SuiteRunnerWorker.java:53)
at org.testng.SuiteRunnerWorker.run(SuiteRunnerWorker.java:96)
at org.testng.TestNG.runSuitesSequentially(TestNG.java:1214)
at org.testng.TestNG.runSuitesLocally(TestNG.java:1136)
at org.testng.TestNG.runSuites(TestNG.java:1066)
at org.testng.TestNG.run(TestNG.java:1034)
at org.testng.remote.AbstractRemoteTestNG.run(AbstractRemoteTestNG.java:115)
at org.testng.remote.RemoteTestNG.initAndRun(RemoteTestNG.java:251)
at org.testng.remote.RemoteTestNG.main(RemoteTestNG.java:77)
]]>
            </full-stacktrace>
          </exception> <!-- org.testng.TestNGException -->
          <reporter-output>
          </reporter-output>
        </test-method> <!-- tearDown -->
        <test-method is-config="true" signature="addReport()[pri:0, instance:extentReportNaveen.extendReportClass@778d1062]" started-at="2020-10-10T21:04:19 BST" name="addReport" finished-at="1970-01-01T01:00:00 GMT" duration-ms="-1602360259622" status="SKIP">
          <reporter-output>
          </reporter-output>
        </test-method> <!-- addReport -->
      </class> <!-- extentReportNaveen.extendReportClass -->
    </test> <!-- Default test -->
  </suite> <!-- Default suite -->
</testng-results>
